<?xml version="1.0" encoding="UTF-8"?>
<!-- Generated by org.testng.reporters.JUnitXMLReporter -->
<testsuite hostname="t1" name="Default test" tests="3" failures="0" timestamp="5 Jul 2017 03:48:17 GMT" time="15.101" errors="0">
  <testcase name="SearchMethod" time="3.43" classname="TestNGpack.DataProviderEx"/>
  <testcase name="SearchMethod" time="3.071" classname="TestNGpack.DataProviderEx"/>
  <testcase name="SearchMethod" time="3.08" classname="TestNGpack.DataProviderEx"/>
</testsuite> <!-- Default test -->
