<?xml version="1.0" encoding="UTF-8"?>
<!-- Generated by org.testng.reporters.JUnitXMLReporter -->
<testsuite hostname="t1" name="Test" tests="3" failures="1" timestamp="12 Jul 2017 04:12:03 GMT" time="48.385" errors="0">
  <testcase name="TC2" time="15.494" classname="Grid.GridParallel"/>
  <testcase name="TC3" time="22.68" classname="Grid.GridParallel"/>
  <testcase name="TC1" time="48.282" classname="Grid.GridParallel">
    <failure type="org.openqa.selenium.WebDriverException" message="Unable to connect to host 127.0.0.1 on port 7055 after 45000 ms. Firefox console output:
&amp;quot;:null,&amp;quot;icon64URL&amp;quot;:null,&amp;quot;defaultLocale&amp;quot;:{&amp;quot;name&amp;quot;:&amp;quot;Default&amp;quot;,&amp;quot;description&amp;quot;:&amp;quot;The default theme.&amp;quot;,&amp;quot;creator&amp;quot;:&amp;quot;Mozilla&amp;quot;,&amp;quot;homepageURL&amp;quot;:null,&amp;quot;contributors&amp;quot;:[&amp;quot;Mozilla Contributors&amp;quot;]},&amp;quot;visible&amp;quot;:true,&amp;quot;active&amp;quot;:true,&amp;quot;userDisabled&amp;quot;:false,&amp;quot;appDisabled&amp;quot;:false,&amp;quot;descriptor&amp;quot;:&amp;quot;C:\\Program Files (x86)\\Mozilla Firefox\\browser\\extensions\\{972ce4c6-7e08-4474-a285-3208198ce6fd}.xpi&amp;quot;,&amp;quot;installDate&amp;quot;:1498894410442,&amp;quot;updateDate&amp;quot;:1498894410442,&amp;quot;applyBackgroundUpdates&amp;quot;:1,&amp;quot;skinnable&amp;quot;:true,&amp;quot;size&amp;quot;:22012,&amp;quot;sourceURI&amp;quot;:null,&amp;quot;releaseNotesURI&amp;quot;:null,&amp;quot;softDisabled&amp;quot;:false,&amp;quot;foreignInstall&amp;quot;:false,&amp;quot;hasBinaryComponents&amp;quot;:false,&amp;quot;strictCompatibility&amp;quot;:true,&amp;quot;locales&amp;quot;:[],&amp;quot;targetApplications&amp;quot;:[{&amp;quot;id&amp;quot;:&amp;quot;{ec8030f7-c20a-464f-9b0e-13a3a9e97384}&amp;quot;,&amp;quot;minVersion&amp;quot;:&amp;quot;47.0.2&amp;quot;,&amp;quot;maxVersion&amp;quot;:&amp;quot;47.0.2&amp;quot;}],&amp;quot;targetPlatforms&amp;quot;:[],&amp;quot;seen&amp;quot;:true}
1499832686273	addons.xpi	DEBUG	getModTime: Recursive scan of {972ce4c6-7e08-4474-a285-3208198ce6fd}
1499832686274	DeferredSave.extensions.json	DEBUG	Save changes
1499832686274	addons.xpi	DEBUG	Updating database with changes to installed add-ons
1499832686274	addons.xpi-utils	DEBUG	Updating add-on states
1499832686276	addons.xpi-utils	DEBUG	Writing add-ons list
1499832686284	addons.xpi	DEBUG	Registering manifest for C:\Program Files (x86)\Mozilla Firefox\browser\features\e10srollout@mozilla.org.xpi
1499832686285	addons.xpi	DEBUG	Calling bootstrap method startup on e10srollout@mozilla.org version 1.0
1499832686285	addons.xpi	DEBUG	Registering manifest for C:\Program Files (x86)\Mozilla Firefox\browser\features\firefox@getpocket.com.xpi
1499832686286	addons.xpi	DEBUG	Calling bootstrap method startup on firefox@getpocket.com version 1.0.2
1499832686287	addons.xpi	DEBUG	Registering manifest for C:\Program Files (x86)\Mozilla Firefox\browser\features\loop@mozilla.org.xpi
1499832686288	addons.xpi	DEBUG	Calling bootstrap method startup on loop@mozilla.org version 1.3.2
1499832686313	addons.xpi	DEBUG	Registering manifest for C:\Program Files (x86)\Mozilla Firefox\browser\features\websensehelper@mozilla.org.xpi
1499832686314	addons.xpi	DEBUG	Calling bootstrap method startup on websensehelper@mozilla.org version 1.0
1499832686317	addons.manager	DEBUG	Registering shutdown blocker for XPIProvider
1499832686317	addons.manager	DEBUG	Provider finished startup: XPIProvider
1499832686317	addons.manager	DEBUG	Starting provider: LightweightThemeManager
1499832686318	addons.manager	DEBUG	Registering shutdown blocker for LightweightThemeManager
1499832686318	addons.manager	DEBUG	Provider finished startup: LightweightThemeManager
1499832686318	addons.manager	DEBUG	Starting provider: GMPProvider
1499832686325	addons.manager	DEBUG	Registering shutdown blocker for GMPProvider
1499832686325	addons.manager	DEBUG	Provider finished startup: GMPProvider
1499832686325	addons.manager	DEBUG	Starting provider: PluginProvider
1499832686325	addons.manager	DEBUG	Registering shutdown blocker for PluginProvider
1499832686326	addons.manager	DEBUG	Provider finished startup: PluginProvider
1499832686326	addons.manager	DEBUG	Completed startup sequence
1499832689181	DeferredSave.extensions.json	DEBUG	Starting write
1499832689190	addons.manager	DEBUG	Starting provider: &amp;lt;unnamed-provider&amp;gt;
1499832689190	addons.manager	DEBUG	Registering shutdown blocker for &amp;lt;unnamed-provider&amp;gt;
1499832689191	addons.manager	DEBUG	Provider finished startup: &amp;lt;unnamed-provider&amp;gt;
1499832689734	addons.repository	DEBUG	No addons.json found.
1499832689734	DeferredSave.addons.json	DEBUG	Save changes
1499832689737	DeferredSave.addons.json	DEBUG	Starting timer
1499832689769	addons.manager	DEBUG	Starting provider: PreviousExperimentProvider
1499832689769	addons.manager	DEBUG	Registering shutdown blocker for PreviousExperimentProvider
1499832689769	addons.manager	DEBUG	Provider finished startup: PreviousExperimentProvider
1499832689771	DeferredSave.extensions.json	DEBUG	Write succeeded
1499832689772	addons.xpi-utils	DEBUG	XPI Database saved, setting schema version preference to 17
1499832689804	DeferredSave.addons.json	DEBUG	Starting write
1499832690010	DeferredSave.addons.json	DEBUG	Write succeeded

Command duration or timeout: 47.46 seconds
Build info: version: &amp;apos;2.53.0&amp;apos;, revision: &amp;apos;35ae25b&amp;apos;, time: &amp;apos;2016-03-15 17:00:58&amp;apos;
System info: host: &amp;apos;t1&amp;apos;, ip: &amp;apos;192.168.0.134&amp;apos;, os.name: &amp;apos;Windows 7&amp;apos;, os.arch: &amp;apos;amd64&amp;apos;, os.version: &amp;apos;6.1&amp;apos;, java.version: &amp;apos;1.8.0_111&amp;apos;
Driver info: org.openqa.selenium.remote.RemoteWebDriver">
      <![CDATA[org.openqa.selenium.WebDriverException: Unable to connect to host 127.0.0.1 on port 7055 after 45000 ms. Firefox console output:
":null,"icon64URL":null,"defaultLocale":{"name":"Default","description":"The default theme.","creator":"Mozilla","homepageURL":null,"contributors":["Mozilla Contributors"]},"visible":true,"active":true,"userDisabled":false,"appDisabled":false,"descriptor":"C:\\Program Files (x86)\\Mozilla Firefox\\browser\\extensions\\{972ce4c6-7e08-4474-a285-3208198ce6fd}.xpi","installDate":1498894410442,"updateDate":1498894410442,"applyBackgroundUpdates":1,"skinnable":true,"size":22012,"sourceURI":null,"releaseNotesURI":null,"softDisabled":false,"foreignInstall":false,"hasBinaryComponents":false,"strictCompatibility":true,"locales":[],"targetApplications":[{"id":"{ec8030f7-c20a-464f-9b0e-13a3a9e97384}","minVersion":"47.0.2","maxVersion":"47.0.2"}],"targetPlatforms":[],"seen":true}
1499832686273	addons.xpi	DEBUG	getModTime: Recursive scan of {972ce4c6-7e08-4474-a285-3208198ce6fd}
1499832686274	DeferredSave.extensions.json	DEBUG	Save changes
1499832686274	addons.xpi	DEBUG	Updating database with changes to installed add-ons
1499832686274	addons.xpi-utils	DEBUG	Updating add-on states
1499832686276	addons.xpi-utils	DEBUG	Writing add-ons list
1499832686284	addons.xpi	DEBUG	Registering manifest for C:\Program Files (x86)\Mozilla Firefox\browser\features\e10srollout@mozilla.org.xpi
1499832686285	addons.xpi	DEBUG	Calling bootstrap method startup on e10srollout@mozilla.org version 1.0
1499832686285	addons.xpi	DEBUG	Registering manifest for C:\Program Files (x86)\Mozilla Firefox\browser\features\firefox@getpocket.com.xpi
1499832686286	addons.xpi	DEBUG	Calling bootstrap method startup on firefox@getpocket.com version 1.0.2
1499832686287	addons.xpi	DEBUG	Registering manifest for C:\Program Files (x86)\Mozilla Firefox\browser\features\loop@mozilla.org.xpi
1499832686288	addons.xpi	DEBUG	Calling bootstrap method startup on loop@mozilla.org version 1.3.2
1499832686313	addons.xpi	DEBUG	Registering manifest for C:\Program Files (x86)\Mozilla Firefox\browser\features\websensehelper@mozilla.org.xpi
1499832686314	addons.xpi	DEBUG	Calling bootstrap method startup on websensehelper@mozilla.org version 1.0
1499832686317	addons.manager	DEBUG	Registering shutdown blocker for XPIProvider
1499832686317	addons.manager	DEBUG	Provider finished startup: XPIProvider
1499832686317	addons.manager	DEBUG	Starting provider: LightweightThemeManager
1499832686318	addons.manager	DEBUG	Registering shutdown blocker for LightweightThemeManager
1499832686318	addons.manager	DEBUG	Provider finished startup: LightweightThemeManager
1499832686318	addons.manager	DEBUG	Starting provider: GMPProvider
1499832686325	addons.manager	DEBUG	Registering shutdown blocker for GMPProvider
1499832686325	addons.manager	DEBUG	Provider finished startup: GMPProvider
1499832686325	addons.manager	DEBUG	Starting provider: PluginProvider
1499832686325	addons.manager	DEBUG	Registering shutdown blocker for PluginProvider
1499832686326	addons.manager	DEBUG	Provider finished startup: PluginProvider
1499832686326	addons.manager	DEBUG	Completed startup sequence
1499832689181	DeferredSave.extensions.json	DEBUG	Starting write
1499832689190	addons.manager	DEBUG	Starting provider: <unnamed-provider>
1499832689190	addons.manager	DEBUG	Registering shutdown blocker for <unnamed-provider>
1499832689191	addons.manager	DEBUG	Provider finished startup: <unnamed-provider>
1499832689734	addons.repository	DEBUG	No addons.json found.
1499832689734	DeferredSave.addons.json	DEBUG	Save changes
1499832689737	DeferredSave.addons.json	DEBUG	Starting timer
1499832689769	addons.manager	DEBUG	Starting provider: PreviousExperimentProvider
1499832689769	addons.manager	DEBUG	Registering shutdown blocker for PreviousExperimentProvider
1499832689769	addons.manager	DEBUG	Provider finished startup: PreviousExperimentProvider
1499832689771	DeferredSave.extensions.json	DEBUG	Write succeeded
1499832689772	addons.xpi-utils	DEBUG	XPI Database saved, setting schema version preference to 17
1499832689804	DeferredSave.addons.json	DEBUG	Starting write
1499832690010	DeferredSave.addons.json	DEBUG	Write succeeded

Command duration or timeout: 47.46 seconds
Build info: version: '2.53.0', revision: '35ae25b', time: '2016-03-15 17:00:58'
System info: host: 't1', ip: '192.168.0.134', os.name: 'Windows 7', os.arch: 'amd64', os.version: '6.1', java.version: '1.8.0_111'
Driver info: org.openqa.selenium.remote.RemoteWebDriver
	at org.openqa.selenium.remote.ErrorHandler.createThrowable(ErrorHandler.java:206)
	at org.openqa.selenium.remote.ErrorHandler.throwIfResponseFailed(ErrorHandler.java:158)
	at org.openqa.selenium.remote.RemoteWebDriver.execute(RemoteWebDriver.java:678)
	at org.openqa.selenium.remote.RemoteWebDriver.startSession(RemoteWebDriver.java:249)
	at org.openqa.selenium.remote.RemoteWebDriver.<init>(RemoteWebDriver.java:131)
	at org.openqa.selenium.remote.RemoteWebDriver.<init>(RemoteWebDriver.java:158)
	at Grid.GridParallel.TC1(GridParallel.java:23)
	at java.util.concurrent.ThreadPoolExecutor.runWorker(Unknown Source)
	at java.util.concurrent.ThreadPoolExecutor$Worker.run(Unknown Source)
	at java.lang.Thread.run(Unknown Source)
Caused by: org.openqa.selenium.remote.ErrorHandler$UnknownServerException: Unable to connect to host 127.0.0.1 on port 7055 after 45000 ms. Firefox console output:
":null,"icon64URL":null,"defaultLocale":{"name":"Default","description":"The default theme.","creator":"Mozilla","homepageURL":null,"contributors":["Mozilla Contributors"]},"visible":true,"active":true,"userDisabled":false,"appDisabled":false,"descriptor":"C:\\Program Files (x86)\\Mozilla Firefox\\browser\\extensions\\{972ce4c6-7e08-4474-a285-3208198ce6fd}.xpi","installDate":1498894410442,"updateDate":1498894410442,"applyBackgroundUpdates":1,"skinnable":true,"size":22012,"sourceURI":null,"releaseNotesURI":null,"softDisabled":false,"foreignInstall":false,"hasBinaryComponents":false,"strictCompatibility":true,"locales":[],"targetApplications":[{"id":"{ec8030f7-c20a-464f-9b0e-13a3a9e97384}","minVersion":"47.0.2","maxVersion":"47.0.2"}],"targetPlatforms":[],"seen":true}
1499832686273	addons.xpi	DEBUG	getModTime: Recursive scan of {972ce4c6-7e08-4474-a285-3208198ce6fd}
1499832686274	DeferredSave.extensions.json	DEBUG	Save changes
1499832686274	addons.xpi	DEBUG	Updating database with changes to installed add-ons
1499832686274	addons.xpi-utils	DEBUG	Updating add-on states
1499832686276	addons.xpi-utils	DEBUG	Writing add-ons list
1499832686284	addons.xpi	DEBUG	Registering manifest for C:\Program Files (x86)\Mozilla Firefox\browser\features\e10srollout@mozilla.org.xpi
1499832686285	addons.xpi	DEBUG	Calling bootstrap method startup on e10srollout@mozilla.org version 1.0
1499832686285	addons.xpi	DEBUG	Registering manifest for C:\Program Files (x86)\Mozilla Firefox\browser\features\firefox@getpocket.com.xpi
1499832686286	addons.xpi	DEBUG	Calling bootstrap method startup on firefox@getpocket.com version 1.0.2
1499832686287	addons.xpi	DEBUG	Registering manifest for C:\Program Files (x86)\Mozilla Firefox\browser\features\loop@mozilla.org.xpi
1499832686288	addons.xpi	DEBUG	Calling bootstrap method startup on loop@mozilla.org version 1.3.2
1499832686313	addons.xpi	DEBUG	Registering manifest for C:\Program Files (x86)\Mozilla Firefox\browser\features\websensehelper@mozilla.org.xpi
1499832686314	addons.xpi	DEBUG	Calling bootstrap method startup on websensehelper@mozilla.org version 1.0
1499832686317	addons.manager	DEBUG	Registering shutdown blocker for XPIProvider
1499832686317	addons.manager	DEBUG	Provider finished startup: XPIProvider
1499832686317	addons.manager	DEBUG	Starting provider: LightweightThemeManager
1499832686318	addons.manager	DEBUG	Registering shutdown blocker for LightweightThemeManager
1499832686318	addons.manager	DEBUG	Provider finished startup: LightweightThemeManager
1499832686318	addons.manager	DEBUG	Starting provider: GMPProvider
1499832686325	addons.manager	DEBUG	Registering shutdown blocker for GMPProvider
1499832686325	addons.manager	DEBUG	Provider finished startup: GMPProvider
1499832686325	addons.manager	DEBUG	Starting provider: PluginProvider
1499832686325	addons.manager	DEBUG	Registering shutdown blocker for PluginProvider
1499832686326	addons.manager	DEBUG	Provider finished startup: PluginProvider
1499832686326	addons.manager	DEBUG	Completed startup sequence
1499832689181	DeferredSave.extensions.json	DEBUG	Starting write
1499832689190	addons.manager	DEBUG	Starting provider: <unnamed-provider>
1499832689190	addons.manager	DEBUG	Registering shutdown blocker for <unnamed-provider>
1499832689191	addons.manager	DEBUG	Provider finished startup: <unnamed-provider>
1499832689734	addons.repository	DEBUG	No addons.json found.
1499832689734	DeferredSave.addons.json	DEBUG	Save changes
1499832689737	DeferredSave.addons.json	DEBUG	Starting timer
1499832689769	addons.manager	DEBUG	Starting provider: PreviousExperimentProvider
1499832689769	addons.manager	DEBUG	Registering shutdown blocker for PreviousExperimentProvider
1499832689769	addons.manager	DEBUG	Provider finished startup: PreviousExperimentProvider
1499832689771	DeferredSave.extensions.json	DEBUG	Write succeeded
1499832689772	addons.xpi-utils	DEBUG	XPI Database saved, setting schema version preference to 17
1499832689804	DeferredSave.addons.json	DEBUG	Starting write
1499832690010	DeferredSave.addons.json	DEBUG	Write succeeded

Build info: version: '2.53.0', revision: '35ae25b', time: '2016-03-15 17:00:58'
System info: host: 't1', ip: '192.168.0.134', os.name: 'Windows 7', os.arch: 'amd64', os.version: '6.1', java.version: '1.8.0_111'
Driver info: driver.version: FirefoxDriver
	at org.openqa.selenium.firefox.internal.NewProfileExtensionConnection.start(NewProfileExtensionConnection.java:112)
	at org.openqa.selenium.firefox.FirefoxDriver.startClient(FirefoxDriver.java:271)
	at org.openqa.selenium.remote.RemoteWebDriver.<init>(RemoteWebDriver.java:119)
	at org.openqa.selenium.firefox.FirefoxDriver.<init>(FirefoxDriver.java:218)
	at org.openqa.selenium.firefox.FirefoxDriver.<init>(FirefoxDriver.java:211)
	at org.openqa.selenium.firefox.FirefoxDriver.<init>(FirefoxDriver.java:129)
	at org.openqa.selenium.remote.server.FirefoxDriverProvider.callConstructor(FirefoxDriverProvider.java:91)
	at org.openqa.selenium.remote.server.FirefoxDriverProvider.newInstance(FirefoxDriverProvider.java:68)
	at org.openqa.selenium.remote.server.DefaultDriverFactory.newInstance(DefaultDriverFactory.java:60)
	at org.openqa.selenium.remote.server.DefaultSession$BrowserCreator.call(DefaultSession.java:222)
	at org.openqa.selenium.remote.server.DefaultSession$BrowserCreator.call(DefaultSession.java:1)
	at java.util.concurrent.FutureTask.run(Unknown Source)
	at org.openqa.selenium.remote.server.DefaultSession$1.run(DefaultSession.java:176)
	... 3 more
... Removed 18 stack frames]]>
    </failure>
  </testcase> <!-- TC1 -->
</testsuite> <!-- Test -->
