<?xml version="1.0" encoding="UTF-8"?>
<!-- Generated by org.testng.reporters.JUnitXMLReporter -->
<testsuite hostname="t1" name="Test1" tests="4" failures="0" timestamp="13 Dec 2016 03:07:04 GMT" time="0.065" errors="0">
  <testcase name="TC3" time="0.006" classname="TestNGPack2.Class2"/>
  <testcase name="TC4" time="0.002" classname="TestNGPack2.Class2"/>
  <testcase name="TC2" time="0.001" classname="TestNGPack2.Class1"/>
  <testcase name="TC1" time="0.002" classname="TestNGPack2.Class1"/>
</testsuite> <!-- Test1 -->
